2023-04-11 14:00:24,227 INFO org.springframework.boot.StartupInfoLogger [restartedMain] Starting LoggingApplication using Java 19 on MacBook-Pro-di-Camilla.local with PID 1469 (/Users/camillaconte/Projects/Spring/DevEx/Logging/target/classes started by camillaconte in /Users/camillaconte/Projects/Spring/DevEx/Logging)
2023-04-11 14:00:24,228 DEBUG org.springframework.boot.StartupInfoLogger [restartedMain] Running with Spring Boot v2.6.5, Spring v5.3.17
2023-04-11 14:00:24,229 INFO org.springframework.boot.SpringApplication [restartedMain] No active profile set, falling back to 1 default profile: "default"
2023-04-11 14:00:24,268 INFO org.springframework.boot.logging.DeferredLog [restartedMain] Devtools property defaults active! Set 'spring.devtools.add-properties' to 'false' to disable
2023-04-11 14:00:24,269 INFO org.springframework.boot.logging.DeferredLog [restartedMain] For additional web related logging consider setting the 'logging.level.web' property to 'DEBUG'
2023-04-11 14:00:24,868 INFO org.springframework.boot.web.embedded.tomcat.TomcatWebServer [restartedMain] Tomcat initialized with port(s): 8080 (http)
2023-04-11 14:00:24,875 INFO org.apache.juli.logging.DirectJDKLog [restartedMain] Initializing ProtocolHandler ["http-nio-8080"]
2023-04-11 14:00:24,876 INFO org.apache.juli.logging.DirectJDKLog [restartedMain] Starting service [Tomcat]
2023-04-11 14:00:24,876 INFO org.apache.juli.logging.DirectJDKLog [restartedMain] Starting Servlet engine: [Apache Tomcat/9.0.60]
2023-04-11 14:00:24,906 INFO org.apache.juli.logging.DirectJDKLog [restartedMain] Initializing Spring embedded WebApplicationContext
2023-04-11 14:00:24,906 INFO org.springframework.boot.web.servlet.context.ServletWebServerApplicationContext [restartedMain] Root WebApplicationContext: initialization completed in 637 ms
2023-04-11 14:00:25,128 INFO org.springframework.boot.devtools.autoconfigure.OptionalLiveReloadServer [restartedMain] LiveReload server is running on port 35729
2023-04-11 14:00:25,137 INFO org.apache.juli.logging.DirectJDKLog [restartedMain] Starting ProtocolHandler ["http-nio-8080"]
2023-04-11 14:00:25,149 INFO org.springframework.boot.web.embedded.tomcat.TomcatWebServer [restartedMain] Tomcat started on port(s): 8080 (http) with context path ''
2023-04-11 14:00:25,156 INFO org.springframework.boot.StartupInfoLogger [restartedMain] Started LoggingApplication in 1.347 seconds (JVM running for 1.599)
2023-04-11 14:14:59,366 INFO org.springframework.boot.StartupInfoLogger [restartedMain] Starting LoggingApplication using Java 19 on MacBook-Pro-di-Camilla.local with PID 2222 (/Users/camillaconte/Projects/Spring/DevEx/Logging/target/classes started by camillaconte in /Users/camillaconte/Projects/Spring/DevEx/Logging)
2023-04-11 14:14:59,367 DEBUG org.springframework.boot.StartupInfoLogger [restartedMain] Running with Spring Boot v2.6.5, Spring v5.3.17
2023-04-11 14:14:59,368 INFO org.springframework.boot.SpringApplication [restartedMain] No active profile set, falling back to 1 default profile: "default"
2023-04-11 14:14:59,407 INFO org.springframework.boot.logging.DeferredLog [restartedMain] Devtools property defaults active! Set 'spring.devtools.add-properties' to 'false' to disable
2023-04-11 14:14:59,407 INFO org.springframework.boot.logging.DeferredLog [restartedMain] For additional web related logging consider setting the 'logging.level.web' property to 'DEBUG'
2023-04-11 14:14:59,962 INFO org.springframework.boot.web.embedded.tomcat.TomcatWebServer [restartedMain] Tomcat initialized with port(s): 8080 (http)
2023-04-11 14:14:59,968 INFO org.apache.juli.logging.DirectJDKLog [restartedMain] Initializing ProtocolHandler ["http-nio-8080"]
2023-04-11 14:14:59,969 INFO org.apache.juli.logging.DirectJDKLog [restartedMain] Starting service [Tomcat]
2023-04-11 14:14:59,969 INFO org.apache.juli.logging.DirectJDKLog [restartedMain] Starting Servlet engine: [Apache Tomcat/9.0.60]
2023-04-11 14:15:00,001 INFO org.apache.juli.logging.DirectJDKLog [restartedMain] Initializing Spring embedded WebApplicationContext
2023-04-11 14:15:00,001 INFO org.springframework.boot.web.servlet.context.ServletWebServerApplicationContext [restartedMain] Root WebApplicationContext: initialization completed in 593 ms
2023-04-11 14:15:00,200 INFO org.springframework.boot.devtools.autoconfigure.OptionalLiveReloadServer [restartedMain] LiveReload server is running on port 35729
2023-04-11 14:15:00,206 INFO org.apache.juli.logging.DirectJDKLog [restartedMain] Starting ProtocolHandler ["http-nio-8080"]
2023-04-11 14:15:00,215 INFO org.springframework.boot.web.embedded.tomcat.TomcatWebServer [restartedMain] Tomcat started on port(s): 8080 (http) with context path ''
2023-04-11 14:15:00,221 INFO org.springframework.boot.StartupInfoLogger [restartedMain] Started LoggingApplication in 1.26 seconds (JVM running for 1.513)
2023-04-11 14:41:19,247 INFO org.springframework.boot.StartupInfoLogger [restartedMain] Starting LoggingApplication using Java 19 on MacBook-Pro-di-Camilla.local with PID 2305 (/Users/camillaconte/Projects/Spring/DevEx/Logging/target/classes started by camillaconte in /Users/camillaconte/Projects/Spring/DevEx/Logging)
2023-04-11 14:41:19,247 DEBUG org.springframework.boot.StartupInfoLogger [restartedMain] Running with Spring Boot v2.6.5, Spring v5.3.17
2023-04-11 14:41:19,248 INFO org.springframework.boot.SpringApplication [restartedMain] No active profile set, falling back to 1 default profile: "default"
2023-04-11 14:41:19,275 INFO org.springframework.boot.logging.DeferredLog [restartedMain] Devtools property defaults active! Set 'spring.devtools.add-properties' to 'false' to disable
2023-04-11 14:41:19,275 INFO org.springframework.boot.logging.DeferredLog [restartedMain] For additional web related logging consider setting the 'logging.level.web' property to 'DEBUG'
2023-04-11 14:41:19,746 INFO org.springframework.boot.web.embedded.tomcat.TomcatWebServer [restartedMain] Tomcat initialized with port(s): 8080 (http)
2023-04-11 14:41:19,751 INFO org.apache.juli.logging.DirectJDKLog [restartedMain] Initializing ProtocolHandler ["http-nio-8080"]
2023-04-11 14:41:19,751 INFO org.apache.juli.logging.DirectJDKLog [restartedMain] Starting service [Tomcat]
2023-04-11 14:41:19,751 INFO org.apache.juli.logging.DirectJDKLog [restartedMain] Starting Servlet engine: [Apache Tomcat/9.0.60]
2023-04-11 14:41:19,776 INFO org.apache.juli.logging.DirectJDKLog [restartedMain] Initializing Spring embedded WebApplicationContext
2023-04-11 14:41:19,776 INFO org.springframework.boot.web.servlet.context.ServletWebServerApplicationContext [restartedMain] Root WebApplicationContext: initialization completed in 501 ms
2023-04-11 14:41:19,964 INFO org.springframework.boot.devtools.autoconfigure.OptionalLiveReloadServer [restartedMain] LiveReload server is running on port 35729
2023-04-11 14:41:19,969 INFO org.apache.juli.logging.DirectJDKLog [restartedMain] Starting ProtocolHandler ["http-nio-8080"]
2023-04-11 14:41:19,977 INFO org.springframework.boot.web.embedded.tomcat.TomcatWebServer [restartedMain] Tomcat started on port(s): 8080 (http) with context path ''
2023-04-11 14:41:19,983 INFO org.springframework.boot.StartupInfoLogger [restartedMain] Started LoggingApplication in 1.119 seconds (JVM running for 1.407)
2023-04-11 18:15:55,200 INFO org.springframework.boot.StartupInfoLogger [restartedMain] Starting LoggingApplication using Java 19 on MacBook-Pro-di-Camilla.local with PID 3702 (/Users/camillaconte/Projects/Spring/DevEx/Logging/target/classes started by camillaconte in /Users/camillaconte/Projects/Spring/DevEx/Logging)
2023-04-11 18:15:55,201 DEBUG org.springframework.boot.StartupInfoLogger [restartedMain] Running with Spring Boot v2.6.5, Spring v5.3.17
2023-04-11 18:15:55,201 INFO org.springframework.boot.SpringApplication [restartedMain] No active profile set, falling back to 1 default profile: "default"
2023-04-11 18:15:55,224 INFO org.springframework.boot.logging.DeferredLog [restartedMain] Devtools property defaults active! Set 'spring.devtools.add-properties' to 'false' to disable
2023-04-11 18:15:55,224 INFO org.springframework.boot.logging.DeferredLog [restartedMain] For additional web related logging consider setting the 'logging.level.web' property to 'DEBUG'
2023-04-11 18:15:55,639 INFO org.springframework.boot.web.embedded.tomcat.TomcatWebServer [restartedMain] Tomcat initialized with port(s): 8080 (http)
2023-04-11 18:15:55,645 INFO org.apache.juli.logging.DirectJDKLog [restartedMain] Initializing ProtocolHandler ["http-nio-8080"]
2023-04-11 18:15:55,645 INFO org.apache.juli.logging.DirectJDKLog [restartedMain] Starting service [Tomcat]
2023-04-11 18:15:55,645 INFO org.apache.juli.logging.DirectJDKLog [restartedMain] Starting Servlet engine: [Apache Tomcat/9.0.60]
2023-04-11 18:15:55,669 INFO org.apache.juli.logging.DirectJDKLog [restartedMain] Initializing Spring embedded WebApplicationContext
2023-04-11 18:15:55,669 INFO org.springframework.boot.web.servlet.context.ServletWebServerApplicationContext [restartedMain] Root WebApplicationContext: initialization completed in 445 ms
2023-04-11 18:15:55,817 INFO org.springframework.boot.devtools.autoconfigure.OptionalLiveReloadServer [restartedMain] LiveReload server is running on port 35729
2023-04-11 18:15:55,822 INFO org.apache.juli.logging.DirectJDKLog [restartedMain] Starting ProtocolHandler ["http-nio-8080"]
2023-04-11 18:15:55,832 INFO org.springframework.boot.web.embedded.tomcat.TomcatWebServer [restartedMain] Tomcat started on port(s): 8080 (http) with context path ''
2023-04-11 18:15:55,836 INFO org.springframework.boot.StartupInfoLogger [restartedMain] Started LoggingApplication in 1.056 seconds (JVM running for 1.317)
2023-04-11 18:45:53,956 INFO org.springframework.boot.StartupInfoLogger [restartedMain] Starting LoggingApplication using Java 19 on MacBook-Pro-di-Camilla.local with PID 3905 (/Users/camillaconte/Projects/Spring/DevEx/Logging/target/classes started by camillaconte in /Users/camillaconte/Projects/Spring/DevEx/Logging)
2023-04-11 18:45:53,960 DEBUG org.springframework.boot.StartupInfoLogger [restartedMain] Running with Spring Boot v2.6.5, Spring v5.3.17
2023-04-11 18:45:53,960 INFO org.springframework.boot.SpringApplication [restartedMain] No active profile set, falling back to 1 default profile: "default"
2023-04-11 18:45:53,981 INFO org.springframework.boot.logging.DeferredLog [restartedMain] Devtools property defaults active! Set 'spring.devtools.add-properties' to 'false' to disable
2023-04-11 18:45:53,981 INFO org.springframework.boot.logging.DeferredLog [restartedMain] For additional web related logging consider setting the 'logging.level.web' property to 'DEBUG'
2023-04-11 18:45:54,413 INFO org.springframework.boot.web.embedded.tomcat.TomcatWebServer [restartedMain] Tomcat initialized with port(s): 8080 (http)
2023-04-11 18:45:54,418 INFO org.apache.juli.logging.DirectJDKLog [restartedMain] Initializing ProtocolHandler ["http-nio-8080"]
2023-04-11 18:45:54,419 INFO org.apache.juli.logging.DirectJDKLog [restartedMain] Starting service [Tomcat]
2023-04-11 18:45:54,419 INFO org.apache.juli.logging.DirectJDKLog [restartedMain] Starting Servlet engine: [Apache Tomcat/9.0.60]
2023-04-11 18:45:54,439 INFO org.apache.juli.logging.DirectJDKLog [restartedMain] Initializing Spring embedded WebApplicationContext
2023-04-11 18:45:54,439 INFO org.springframework.boot.web.servlet.context.ServletWebServerApplicationContext [restartedMain] Root WebApplicationContext: initialization completed in 458 ms
2023-04-11 18:45:54,586 INFO org.springframework.boot.devtools.autoconfigure.OptionalLiveReloadServer [restartedMain] LiveReload server is running on port 35729
2023-04-11 18:45:54,592 INFO org.apache.juli.logging.DirectJDKLog [restartedMain] Starting ProtocolHandler ["http-nio-8080"]
2023-04-11 18:45:54,602 INFO org.springframework.boot.web.embedded.tomcat.TomcatWebServer [restartedMain] Tomcat started on port(s): 8080 (http) with context path ''
2023-04-11 18:45:54,607 INFO org.springframework.boot.StartupInfoLogger [restartedMain] Started LoggingApplication in 0.846 seconds (JVM running for 1.085)
2023-04-11 22:00:51,247 INFO org.springframework.boot.StartupInfoLogger [restartedMain] Starting LoggingApplication using Java 19 on MacBook-Pro-di-Camilla.local with PID 5302 (/Users/camillaconte/Projects/Spring/DevEx/Logging/target/classes started by camillaconte in /Users/camillaconte/Projects/Spring/DevEx/Logging)
2023-04-11 22:00:51,248 DEBUG org.springframework.boot.StartupInfoLogger [restartedMain] Running with Spring Boot v2.6.5, Spring v5.3.17
2023-04-11 22:00:51,248 INFO org.springframework.boot.SpringApplication [restartedMain] No active profile set, falling back to 1 default profile: "default"
2023-04-11 22:00:51,273 INFO org.springframework.boot.logging.DeferredLog [restartedMain] Devtools property defaults active! Set 'spring.devtools.add-properties' to 'false' to disable
2023-04-11 22:00:51,273 INFO org.springframework.boot.logging.DeferredLog [restartedMain] For additional web related logging consider setting the 'logging.level.web' property to 'DEBUG'
2023-04-11 22:00:51,716 INFO org.springframework.boot.web.embedded.tomcat.TomcatWebServer [restartedMain] Tomcat initialized with port(s): 8080 (http)
2023-04-11 22:00:51,721 INFO org.apache.juli.logging.DirectJDKLog [restartedMain] Initializing ProtocolHandler ["http-nio-8080"]
2023-04-11 22:00:51,721 INFO org.apache.juli.logging.DirectJDKLog [restartedMain] Starting service [Tomcat]
2023-04-11 22:00:51,721 INFO org.apache.juli.logging.DirectJDKLog [restartedMain] Starting Servlet engine: [Apache Tomcat/9.0.60]
2023-04-11 22:00:51,744 INFO org.apache.juli.logging.DirectJDKLog [restartedMain] Initializing Spring embedded WebApplicationContext
2023-04-11 22:00:51,744 INFO org.springframework.boot.web.servlet.context.ServletWebServerApplicationContext [restartedMain] Root WebApplicationContext: initialization completed in 471 ms
2023-04-11 22:00:51,905 INFO org.springframework.boot.devtools.autoconfigure.OptionalLiveReloadServer [restartedMain] LiveReload server is running on port 35729
2023-04-11 22:00:51,910 INFO org.apache.juli.logging.DirectJDKLog [restartedMain] Starting ProtocolHandler ["http-nio-8080"]
2023-04-11 22:00:51,917 INFO org.springframework.boot.web.embedded.tomcat.TomcatWebServer [restartedMain] Tomcat started on port(s): 8080 (http) with context path ''
2023-04-11 22:00:51,922 INFO org.springframework.boot.StartupInfoLogger [restartedMain] Started LoggingApplication in 1.07 seconds (JVM running for 1.318)
2023-04-11 22:01:17,130 INFO org.apache.juli.logging.DirectJDKLog [http-nio-8080-exec-2] Initializing Spring DispatcherServlet 'dispatcherServlet'
2023-04-11 22:01:17,130 INFO org.springframework.web.servlet.FrameworkServlet [http-nio-8080-exec-2] Initializing Servlet 'dispatcherServlet'
2023-04-11 22:01:17,131 INFO org.springframework.web.servlet.FrameworkServlet [http-nio-8080-exec-2] Completed initialization in 1 ms
2023-04-11 22:01:17,151 DEBUG co.develhope.logging.controllers.BasicController [http-nio-8080-exec-2] Requested a friendly greet
2023-04-11 22:01:17,151 INFO co.develhope.logging.services.BasicService [http-nio-8080-exec-2] Nationality has been typed
2023-04-11 22:01:17,151 INFO co.develhope.logging.services.BasicService [http-nio-8080-exec-2] Sent service italian greet
2023-04-11 22:02:30,849 DEBUG co.develhope.logging.controllers.BasicController [http-nio-8080-exec-5] Requested a friendly greet
2023-04-11 22:02:30,851 INFO co.develhope.logging.services.BasicService [http-nio-8080-exec-5] Nationality has been typed
2023-04-11 22:02:30,852 INFO co.develhope.logging.services.BasicService [http-nio-8080-exec-5] Other nationality - service
2023-04-11 22:03:55,667 INFO org.springframework.boot.StartupInfoLogger [restartedMain] Starting LoggingApplication using Java 19 on MacBook-Pro-di-Camilla.local with PID 5312 (/Users/camillaconte/Projects/Spring/DevEx/Logging/target/classes started by camillaconte in /Users/camillaconte/Projects/Spring/DevEx/Logging)
2023-04-11 22:03:55,667 DEBUG org.springframework.boot.StartupInfoLogger [restartedMain] Running with Spring Boot v2.6.5, Spring v5.3.17
2023-04-11 22:03:55,668 INFO org.springframework.boot.SpringApplication [restartedMain] No active profile set, falling back to 1 default profile: "default"
2023-04-11 22:03:55,689 INFO org.springframework.boot.logging.DeferredLog [restartedMain] Devtools property defaults active! Set 'spring.devtools.add-properties' to 'false' to disable
2023-04-11 22:03:55,689 INFO org.springframework.boot.logging.DeferredLog [restartedMain] For additional web related logging consider setting the 'logging.level.web' property to 'DEBUG'
2023-04-11 22:03:56,084 INFO org.springframework.boot.web.embedded.tomcat.TomcatWebServer [restartedMain] Tomcat initialized with port(s): 8080 (http)
2023-04-11 22:03:56,089 INFO org.apache.juli.logging.DirectJDKLog [restartedMain] Initializing ProtocolHandler ["http-nio-8080"]
2023-04-11 22:03:56,089 INFO org.apache.juli.logging.DirectJDKLog [restartedMain] Starting service [Tomcat]
2023-04-11 22:03:56,089 INFO org.apache.juli.logging.DirectJDKLog [restartedMain] Starting Servlet engine: [Apache Tomcat/9.0.60]
2023-04-11 22:03:56,111 INFO org.apache.juli.logging.DirectJDKLog [restartedMain] Initializing Spring embedded WebApplicationContext
2023-04-11 22:03:56,111 INFO org.springframework.boot.web.servlet.context.ServletWebServerApplicationContext [restartedMain] Root WebApplicationContext: initialization completed in 421 ms
2023-04-11 22:03:56,249 INFO org.springframework.boot.devtools.autoconfigure.OptionalLiveReloadServer [restartedMain] LiveReload server is running on port 35729
2023-04-11 22:03:56,254 INFO org.apache.juli.logging.DirectJDKLog [restartedMain] Starting ProtocolHandler ["http-nio-8080"]
2023-04-11 22:03:56,269 INFO org.springframework.boot.web.embedded.tomcat.TomcatWebServer [restartedMain] Tomcat started on port(s): 8080 (http) with context path ''
2023-04-11 22:03:56,273 INFO org.springframework.boot.StartupInfoLogger [restartedMain] Started LoggingApplication in 0.972 seconds (JVM running for 1.193)
2023-04-11 22:03:59,782 INFO org.apache.juli.logging.DirectJDKLog [http-nio-8080-exec-2] Initializing Spring DispatcherServlet 'dispatcherServlet'
2023-04-11 22:03:59,783 INFO org.springframework.web.servlet.FrameworkServlet [http-nio-8080-exec-2] Initializing Servlet 'dispatcherServlet'
2023-04-11 22:03:59,783 INFO org.springframework.web.servlet.FrameworkServlet [http-nio-8080-exec-2] Completed initialization in 0 ms
2023-04-11 22:05:18,067 INFO org.springframework.boot.StartupInfoLogger [restartedMain] Starting LoggingApplication using Java 19 on MacBook-Pro-di-Camilla.local with PID 5317 (/Users/camillaconte/Projects/Spring/DevEx/Logging/target/classes started by camillaconte in /Users/camillaconte/Projects/Spring/DevEx/Logging)
2023-04-11 22:05:18,068 DEBUG org.springframework.boot.StartupInfoLogger [restartedMain] Running with Spring Boot v2.6.5, Spring v5.3.17
2023-04-11 22:05:18,068 INFO org.springframework.boot.SpringApplication [restartedMain] No active profile set, falling back to 1 default profile: "default"
2023-04-11 22:05:18,092 INFO org.springframework.boot.logging.DeferredLog [restartedMain] Devtools property defaults active! Set 'spring.devtools.add-properties' to 'false' to disable
2023-04-11 22:05:18,092 INFO org.springframework.boot.logging.DeferredLog [restartedMain] For additional web related logging consider setting the 'logging.level.web' property to 'DEBUG'
2023-04-11 22:05:18,506 INFO org.springframework.boot.web.embedded.tomcat.TomcatWebServer [restartedMain] Tomcat initialized with port(s): 8080 (http)
2023-04-11 22:05:18,512 INFO org.apache.juli.logging.DirectJDKLog [restartedMain] Initializing ProtocolHandler ["http-nio-8080"]
2023-04-11 22:05:18,512 INFO org.apache.juli.logging.DirectJDKLog [restartedMain] Starting service [Tomcat]
2023-04-11 22:05:18,512 INFO org.apache.juli.logging.DirectJDKLog [restartedMain] Starting Servlet engine: [Apache Tomcat/9.0.60]
2023-04-11 22:05:18,534 INFO org.apache.juli.logging.DirectJDKLog [restartedMain] Initializing Spring embedded WebApplicationContext
2023-04-11 22:05:18,534 INFO org.springframework.boot.web.servlet.context.ServletWebServerApplicationContext [restartedMain] Root WebApplicationContext: initialization completed in 442 ms
2023-04-11 22:05:18,683 INFO org.springframework.boot.devtools.autoconfigure.OptionalLiveReloadServer [restartedMain] LiveReload server is running on port 35729
2023-04-11 22:05:18,688 INFO org.apache.juli.logging.DirectJDKLog [restartedMain] Starting ProtocolHandler ["http-nio-8080"]
2023-04-11 22:05:18,698 INFO org.springframework.boot.web.embedded.tomcat.TomcatWebServer [restartedMain] Tomcat started on port(s): 8080 (http) with context path ''
2023-04-11 22:05:18,705 INFO org.springframework.boot.StartupInfoLogger [restartedMain] Started LoggingApplication in 0.871 seconds (JVM running for 1.104)
2023-04-11 22:05:40,094 INFO org.apache.juli.logging.DirectJDKLog [http-nio-8080-exec-2] Initializing Spring DispatcherServlet 'dispatcherServlet'
2023-04-11 22:05:40,095 INFO org.springframework.web.servlet.FrameworkServlet [http-nio-8080-exec-2] Initializing Servlet 'dispatcherServlet'
2023-04-11 22:05:40,096 INFO org.springframework.web.servlet.FrameworkServlet [http-nio-8080-exec-2] Completed initialization in 1 ms
2023-04-11 22:05:40,117 DEBUG co.develhope.logging.controllers.BasicController [http-nio-8080-exec-2] Requested a friendly greet
2023-04-11 22:05:40,117 INFO co.develhope.logging.services.BasicService [http-nio-8080-exec-2] Nationality has been typed
2023-04-11 22:05:40,117 INFO co.develhope.logging.services.BasicService [http-nio-8080-exec-2] Other nationality - service
2023-04-11 22:05:44,614 DEBUG co.develhope.logging.controllers.BasicController [http-nio-8080-exec-3] Requested a friendly greet
2023-04-11 22:05:44,615 ERROR co.develhope.logging.services.BasicService [http-nio-8080-exec-3] Nationality not correctly inserted
2023-04-11 22:05:44,615 ERROR co.develhope.logging.controllers.BasicController [http-nio-8080-exec-3] Nationality not correctly inserted
2023-04-11 22:30:50,809 INFO org.springframework.boot.StartupInfoLogger [restartedMain] Starting LoggingApplication using Java 19 on MacBook-Pro-di-Camilla.local with PID 5470 (/Users/camillaconte/Projects/Spring/DevEx/Logging/target/classes started by camillaconte in /Users/camillaconte/Projects/Spring/DevEx/Logging)
2023-04-11 22:30:50,810 DEBUG org.springframework.boot.StartupInfoLogger [restartedMain] Running with Spring Boot v2.6.5, Spring v5.3.17
2023-04-11 22:30:50,810 INFO org.springframework.boot.SpringApplication [restartedMain] No active profile set, falling back to 1 default profile: "default"
2023-04-11 22:30:50,831 INFO org.springframework.boot.logging.DeferredLog [restartedMain] Devtools property defaults active! Set 'spring.devtools.add-properties' to 'false' to disable
2023-04-11 22:30:50,831 INFO org.springframework.boot.logging.DeferredLog [restartedMain] For additional web related logging consider setting the 'logging.level.web' property to 'DEBUG'
2023-04-11 22:30:51,233 INFO org.springframework.boot.web.embedded.tomcat.TomcatWebServer [restartedMain] Tomcat initialized with port(s): 8080 (http)
2023-04-11 22:30:51,238 INFO org.apache.juli.logging.DirectJDKLog [restartedMain] Initializing ProtocolHandler ["http-nio-8080"]
2023-04-11 22:30:51,238 INFO org.apache.juli.logging.DirectJDKLog [restartedMain] Starting service [Tomcat]
2023-04-11 22:30:51,238 INFO org.apache.juli.logging.DirectJDKLog [restartedMain] Starting Servlet engine: [Apache Tomcat/9.0.60]
2023-04-11 22:30:51,260 INFO org.apache.juli.logging.DirectJDKLog [restartedMain] Initializing Spring embedded WebApplicationContext
2023-04-11 22:30:51,260 INFO org.springframework.boot.web.servlet.context.ServletWebServerApplicationContext [restartedMain] Root WebApplicationContext: initialization completed in 428 ms
2023-04-11 22:30:51,395 INFO org.springframework.boot.devtools.autoconfigure.OptionalLiveReloadServer [restartedMain] LiveReload server is running on port 35729
2023-04-11 22:30:51,399 INFO org.apache.juli.logging.DirectJDKLog [restartedMain] Starting ProtocolHandler ["http-nio-8080"]
2023-04-11 22:30:51,415 INFO org.springframework.boot.web.embedded.tomcat.TomcatWebServer [restartedMain] Tomcat started on port(s): 8080 (http) with context path ''
2023-04-11 22:30:51,423 INFO org.springframework.boot.StartupInfoLogger [restartedMain] Started LoggingApplication in 0.971 seconds (JVM running for 1.199)
2023-04-11 22:31:06,397 INFO org.apache.juli.logging.DirectJDKLog [http-nio-8080-exec-1] Initializing Spring DispatcherServlet 'dispatcherServlet'
2023-04-11 22:31:06,398 INFO org.springframework.web.servlet.FrameworkServlet [http-nio-8080-exec-1] Initializing Servlet 'dispatcherServlet'
2023-04-11 22:31:06,399 INFO org.springframework.web.servlet.FrameworkServlet [http-nio-8080-exec-1] Completed initialization in 1 ms
2023-04-11 22:31:22,582 ERROR co.develhope.logging.controllers.BasicController [http-nio-8080-exec-5] This is an ERROR logging
