2023-04-10 08:30:59,848 INFO org.springframework.boot.StartupInfoLogger [restartedMain] Starting LoggingApplication using Java 19 on MacBook-Pro-di-Camilla.local with PID 1530 (/Users/camillaconte/Projects/Spring/DevEx/Logging/target/classes started by camillaconte in /Users/camillaconte/Projects/Spring/DevEx/Logging)
2023-04-10 08:30:59,849 DEBUG org.springframework.boot.StartupInfoLogger [restartedMain] Running with Spring Boot v2.6.5, Spring v5.3.17
2023-04-10 08:30:59,849 INFO org.springframework.boot.SpringApplication [restartedMain] No active profile set, falling back to 1 default profile: "default"
2023-04-10 08:30:59,881 INFO org.springframework.boot.logging.DeferredLog [restartedMain] Devtools property defaults active! Set 'spring.devtools.add-properties' to 'false' to disable
2023-04-10 08:30:59,881 INFO org.springframework.boot.logging.DeferredLog [restartedMain] For additional web related logging consider setting the 'logging.level.web' property to 'DEBUG'
2023-04-10 08:31:00,441 INFO org.springframework.boot.web.embedded.tomcat.TomcatWebServer [restartedMain] Tomcat initialized with port(s): 8080 (http)
2023-04-10 08:31:00,450 INFO org.apache.juli.logging.DirectJDKLog [restartedMain] Initializing ProtocolHandler ["http-nio-8080"]
2023-04-10 08:31:00,450 INFO org.apache.juli.logging.DirectJDKLog [restartedMain] Starting service [Tomcat]
2023-04-10 08:31:00,451 INFO org.apache.juli.logging.DirectJDKLog [restartedMain] Starting Servlet engine: [Apache Tomcat/9.0.60]
2023-04-10 08:31:00,476 INFO org.apache.juli.logging.DirectJDKLog [restartedMain] Initializing Spring embedded WebApplicationContext
2023-04-10 08:31:00,476 INFO org.springframework.boot.web.servlet.context.ServletWebServerApplicationContext [restartedMain] Root WebApplicationContext: initialization completed in 595 ms
2023-04-10 08:31:00,672 INFO org.springframework.boot.devtools.autoconfigure.OptionalLiveReloadServer [restartedMain] LiveReload server is running on port 35729
2023-04-10 08:31:00,678 INFO org.apache.juli.logging.DirectJDKLog [restartedMain] Starting ProtocolHandler ["http-nio-8080"]
2023-04-10 08:31:00,686 INFO org.springframework.boot.web.embedded.tomcat.TomcatWebServer [restartedMain] Tomcat started on port(s): 8080 (http) with context path ''
2023-04-10 08:31:00,692 INFO org.springframework.boot.StartupInfoLogger [restartedMain] Started LoggingApplication in 1.262 seconds (JVM running for 1.487)
2023-04-10 08:44:12,866 INFO org.springframework.boot.StartupInfoLogger [restartedMain] Starting LoggingApplication using Java 19 on MacBook-Pro-di-Camilla.local with PID 1591 (/Users/camillaconte/Projects/Spring/DevEx/Logging/target/classes started by camillaconte in /Users/camillaconte/Projects/Spring/DevEx/Logging)
2023-04-10 08:44:12,867 DEBUG org.springframework.boot.StartupInfoLogger [restartedMain] Running with Spring Boot v2.6.5, Spring v5.3.17
2023-04-10 08:44:12,867 INFO org.springframework.boot.SpringApplication [restartedMain] No active profile set, falling back to 1 default profile: "default"
2023-04-10 08:44:12,892 INFO org.springframework.boot.logging.DeferredLog [restartedMain] Devtools property defaults active! Set 'spring.devtools.add-properties' to 'false' to disable
2023-04-10 08:44:12,892 INFO org.springframework.boot.logging.DeferredLog [restartedMain] For additional web related logging consider setting the 'logging.level.web' property to 'DEBUG'
2023-04-10 08:44:13,336 INFO org.springframework.boot.web.embedded.tomcat.TomcatWebServer [restartedMain] Tomcat initialized with port(s): 8080 (http)
2023-04-10 08:44:13,341 INFO org.apache.juli.logging.DirectJDKLog [restartedMain] Initializing ProtocolHandler ["http-nio-8080"]
2023-04-10 08:44:13,341 INFO org.apache.juli.logging.DirectJDKLog [restartedMain] Starting service [Tomcat]
2023-04-10 08:44:13,341 INFO org.apache.juli.logging.DirectJDKLog [restartedMain] Starting Servlet engine: [Apache Tomcat/9.0.60]
2023-04-10 08:44:13,365 INFO org.apache.juli.logging.DirectJDKLog [restartedMain] Initializing Spring embedded WebApplicationContext
2023-04-10 08:44:13,365 INFO org.springframework.boot.web.servlet.context.ServletWebServerApplicationContext [restartedMain] Root WebApplicationContext: initialization completed in 472 ms
2023-04-10 08:44:13,518 INFO org.springframework.boot.devtools.autoconfigure.OptionalLiveReloadServer [restartedMain] LiveReload server is running on port 35729
2023-04-10 08:44:13,523 INFO org.apache.juli.logging.DirectJDKLog [restartedMain] Starting ProtocolHandler ["http-nio-8080"]
2023-04-10 08:44:13,531 INFO org.springframework.boot.web.embedded.tomcat.TomcatWebServer [restartedMain] Tomcat started on port(s): 8080 (http) with context path ''
2023-04-10 08:44:13,536 INFO org.springframework.boot.StartupInfoLogger [restartedMain] Started LoggingApplication in 0.888 seconds (JVM running for 1.132)
